# JRE version: Java(TM) SE Runtime Environment (9.0+11) (build 9.0.4+11)
# Java VM: Java HotSpot(TM) 64-Bit Server VM (9.0.4+11, mixed mode, tiered, compressed oops, g1 gc, windows-amd64)
Heap:
 garbage-first heap   total 272384K, used 156867K [0x0000000700000000, 0x0000000700100850, 0x00000007c0000000)
  region size 1024K, 47 young (48128K), 2 survivors (2048K)
 Metaspace       used 91106K, capacity 93179K, committed 101144K, reserved 1136640K
  class space    used 12478K, capacity 12948K, committed 14616K, reserved 1048576K
GC Heap History (10 events):
Event: 6399.894 GC heap before
{Heap before GC invocations=1061 (full 299):
 garbage-first heap   total 272384K, used 171582K [0x0000000700000000, 0x0000000700100850, 0x00000007c0000000)
  region size 1024K, 60 young (61440K), 1 survivors (1024K)
 Metaspace       used 91098K, capacity 93147K, committed 101144K, reserved 1136640K
  class space    used 12478K, capacity 12916K, committed 14616K, reserved 1048576K
}
Event: 6399.895 GC heap after
{Heap after GC invocations=1062 (full 299):
 garbage-first heap   total 272384K, used 111290K [0x0000000700000000, 0x0000000700100850, 0x00000007c0000000)
  region size 1024K, 1 young (1024K), 1 survivors (1024K)
 Metaspace       used 91098K, capacity 93147K, committed 101144K, reserved 1136640K
  class space    used 12478K, capacity 12916K, committed 14616K, reserved 1048576K
}
Event: 6407.617 GC heap before
{Heap before GC invocations=1062 (full 299):
 garbage-first heap   total 272384K, used 171706K [0x0000000700000000, 0x0000000700100850, 0x00000007c0000000)
  region size 1024K, 60 young (61440K), 1 survivors (1024K)
 Metaspace       used 91098K, capacity 93147K, committed 101144K, reserved 1136640K
  class space    used 12478K, capacity 12916K, committed 14616K, reserved 1048576K
}
Event: 6407.618 GC heap after
{Heap after GC invocations=1063 (full 299):
 garbage-first heap   total 272384K, used 111393K [0x0000000700000000, 0x0000000700100850, 0x00000007c0000000)
  region size 1024K, 1 young (1024K), 1 survivors (1024K)
 Metaspace       used 91098K, capacity 93147K, committed 101144K, reserved 1136640K
  class space    used 12478K, capacity 12916K, committed 14616K, reserved 1048576K
}
Event: 6412.948 GC heap before
{Heap before GC invocations=1063 (full 299):
 garbage-first heap   total 272384K, used 171809K [0x0000000700000000, 0x0000000700100850, 0x00000007c0000000)
  region size 1024K, 60 young (61440K), 1 survivors (1024K)
 Metaspace       used 91102K, capacity 93179K, committed 101144K, reserved 1136640K
  class space    used 12478K, capacity 12948K, committed 14616K, reserved 1048576K
}
Event: 6412.950 GC heap after
{Heap after GC invocations=1064 (full 299):
 garbage-first heap   total 272384K, used 111731K [0x0000000700000000, 0x0000000700100850, 0x00000007c0000000)
  region size 1024K, 1 young (1024K), 1 survivors (1024K)
 Metaspace       used 91102K, capacity 93179K, committed 101144K, reserved 1136640K
  class space    used 12478K, capacity 12948K, committed 14616K, reserved 1048576K
}
Event: 6414.910 GC heap before
{Heap before GC invocations=1064 (full 299):
 garbage-first heap   total 272384K, used 172147K [0x0000000700000000, 0x0000000700100850, 0x00000007c0000000)
  region size 1024K, 60 young (61440K), 1 survivors (1024K)
 Metaspace       used 91102K, capacity 93179K, committed 101144K, reserved 1136640K
  class space    used 12478K, capacity 12948K, committed 14616K, reserved 1048576K
}
Event: 6414.913 GC heap after
{Heap after GC invocations=1065 (full 299):
 garbage-first heap   total 272384K, used 111776K [0x0000000700000000, 0x0000000700100850, 0x00000007c0000000)
  region size 1024K, 2 young (2048K), 2 survivors (2048K)
 Metaspace       used 91102K, capacity 93179K, committed 101144K, reserved 1136640K
  class space    used 12478K, capacity 12948K, committed 14616K, reserved 1048576K
}
Event: 6425.585 GC heap before
{Heap before GC invocations=1065 (full 299):
 garbage-first heap   total 272384K, used 171168K [0x0000000700000000, 0x0000000700100850, 0x00000007c0000000)
  region size 1024K, 60 young (61440K), 2 survivors (2048K)
 Metaspace       used 91105K, capacity 93179K, committed 101144K, reserved 1136640K
  class space    used 12478K, capacity 12948K, committed 14616K, reserved 1048576K
}
Event: 6425.592 GC heap after
{Heap after GC invocations=1066 (full 299):
 garbage-first heap   total 272384K, used 111811K [0x0000000700000000, 0x0000000700100850, 0x00000007c0000000)
  region size 1024K, 2 young (2048K), 2 survivors (2048K)
 Metaspace       used 91105K, capacity 93179K, committed 101144K, reserved 1136640K
  class space    used 12478K, capacity 12948K, committed 14616K, reserved 1048576K
}

